aiapp/app/seeds.txt
com.example.aiapp.net.ITestApi
com.example.aiapp.core.launcher.CustomApplication
com.example.aiapp.widget.navigation.NavHostFragment
com.example.aiapp.R$id
com.example.aiapp.DataBinderMapperImpl
com.example.aiapp.core.ui.dashboard.DashboardFragment
com.example.aiapp.R$mipmap
com.example.aiapp.widget.navigation.NavigationDestinationBean
com.example.aiapp.core.ui.notifications.NotificationsFragment
com.example.aiapp.core.ui.home.HomeFragment
com.example.aiapp.R$xml
com.example.aiapp.bean.Treebean
com.example.aiapp.bean.Treebean$TreeItemBean
com.example.aiapp.bean.TestResultBean$TestBean
com.example.aiapp.R$style
com.example.aiapp.core.common.MainActivity
com.example.aiapp.R$menu
com.example.aiapp.base.BaseActivity
com.example.aiapp.bean.ProjectBean
com.example.aiapp.bean.TestResultBean
com.example.aiapp.widget.CustomTextView
com.example.aiapp.R$layout
com.example.aiapp.core.common.SecondActivity
com.example.aiapp.R$styleable
com.example.aiapp.widget.CustomBaseTitleView
com.example.aiapp.R$string
com.example.aiapp.core.ui.notifications.ChildFragment
com.example.aiapp.R$attr
com.example.aiapp.R$drawable
com.example.aiapp.widget.navigation.FragmentNavigator
com.example.aiapp.bean.ProjectBean$ProjectItemBean
com.example.aiapp.R$color
com.example.aiapp.base.BaseData
com.example.aiapp.R$dimen
com.example.aiapp.base.BaseFragment
com.example.aiapp.bean.ProjectBean$ProjectDatasBean
com.example.aiapp.core.common.WebViewActivity
com.example.aiapp.R$dimen: int dp_16
com.example.aiapp.R$dimen: int dp_49
com.example.aiapp.R$dimen: int dp_464
com.example.aiapp.R$dimen: int dp_318
com.example.aiapp.R$dimen: int dp_312
com.example.aiapp.R$dimen: int sp_53
com.example.aiapp.R$dimen: int dp_596
com.example.aiapp.R$dimen: int dp_62
com.example.aiapp.R$dimen: int dp_736
com.example.aiapp.R$drawable: int ic_home_black_24dp
com.example.aiapp.R$dimen: int dp_479
com.example.aiapp.R$dimen: int dp_107
com.example.aiapp.R$dimen: int dp_1070
com.example.aiapp.R$dimen: int dp_1045
com.example.aiapp.R$dimen: int dp_678
com.example.aiapp.R$dimen: int dp_233
com.example.aiapp.R$dimen: int dp_283
com.example.aiapp.R$dimen: int dp_1212
com.example.aiapp.R$dimen: int dp_310
com.example.aiapp.R$dimen: int dp_549
com.example.aiapp.R$dimen: int dp_100
com.example.aiapp.R$id: int edit
com.example.aiapp.R$dimen: int dp_594
com.example.aiapp.R$dimen: int dp_1152
com.example.aiapp.R$dimen: int dp_822
com.example.aiapp.R$dimen: int dp_811
com.example.aiapp.R$dimen: int dp_1141
com.example.aiapp.R$dimen: int dp_873
com.example.aiapp.R$dimen: int dp_544
com.example.aiapp.R$dimen: int dp_791
com.example.aiapp.R$dimen: int dp_375
com.example.aiapp.R$color: int purple_700
com.example.aiapp.R$dimen: int dp_289
com.example.aiapp.R$dimen: int dp_1263
com.example.aiapp.R$dimen: int dp_781
com.example.aiapp.R$dimen: int sp_119
com.example.aiapp.R$dimen: int dp_337
com.example.aiapp.R$dimen: int sp_58
com.example.aiapp.R$dimen: int dp_649
com.example.aiapp.R$dimen: int dp_1058
com.example.aiapp.bean.TestResultBean$TestBean: int id
com.example.aiapp.R$dimen: int dp_477
com.example.aiapp.R$dimen: int dp_760
com.example.aiapp.R$dimen: int dp_656
com.example.aiapp.R$dimen: int dp_832
com.example.aiapp.R$dimen: int dp_460
com.example.aiapp.R$dimen: int sp_102
com.example.aiapp.R$dimen: int sp_34
com.example.aiapp.R$dimen: int dp_50
com.example.aiapp.R$dimen: int dp_576
com.example.aiapp.R$dimen: int sp_35
com.example.aiapp.R$dimen: int dp_977
com.example.aiapp.R$dimen: int dp_705
com.example.aiapp.R$dimen: int sp_68
com.example.aiapp.R$dimen: int dp_669
com.example.aiapp.R$dimen: int sp_40
com.example.aiapp.R$dimen: int dp_1190
com.example.aiapp.R$dimen: int dp_696
com.example.aiapp.R$dimen: int dp_615
com.example.aiapp.R$dimen: int dp_754
com.example.aiapp.R$dimen: int dp_483
com.example.aiapp.R$dimen: int dp_651
com.example.aiapp.R$dimen: int dp_1130
com.example.aiapp.R$dimen: int dp_1168
com.example.aiapp.R$dimen: int dp_830
com.example.aiapp.R$dimen: int dp_614
...
androidx.databinding.library.baseAdapters.R$attr: int logoDescription
androidx.navigation.common.R$styleable: int NavArgument_android_defaultValue
com.google.android.material.R$style: int ThemeOverlay_AppCompat_DayNight
androidx.transition.R$styleable: int AppCompatTheme_radioButtonStyle
androidx.appcompat.R$attr: int windowActionBar
kotlin.coroutines.intrinsics.CoroutineSingletons: kotlin.coroutines.intrinsics.CoroutineSingletons UNDECIDED
com.google.android.material.R$dimen: int design_navigation_item_vertical_padding
com.google.android.material.R$styleable: int AppCompatTheme_colorControlHighlight
com.google.android.material.R$id: int mtrl_calendar_selection_frame
com.google.android.material.transition.platform.SlideDistanceProvider$2: float val$originalTranslation
androidx.transition.R$styleable: int ActionBar_title
androidx.recyclerview.widget.RecyclerView: androidx.recyclerview.widget.GapWorker mGapWorker
androidx.constraintlayout.widget.R$attr: int expandActivityOverflowButtonDrawable
com.google.android.material.R$styleable: int AppCompatTheme_dialogTheme
androidx.constraintlayout.widget.R$attr: int crossfade
com.google.android.material.R$styleable: int[] Toolbar
androidx.databinding.library.baseAdapters.R$id: int forever
androidx.constraintlayout.widget.R$styleable: int ConstraintLayout_Layout_layout_constraintTop_toTopOf
androidx.activity.R$style: int TextAppearance_Compat_Notification_Title
androidx.constraintlayout.widget.R$dimen: int abc_dialog_fixed_height_major
androidx.drawerlayout.R$styleable: int[] GradientColor
androidx.transition.R$style: int Base_DialogWindowTitle_AppCompat
androidx.vectordrawable.animated.R$id: int accessibility_custom_action_10
androidx.databinding.library.baseAdapters.R$style: int Widget_AppCompat_SearchView
androidx.coordinatorlayout.R$id: int icon_group
androidx.databinding.library.baseAdapters.R$styleable: int Toolbar_contentInsetStartWithNavigation
com.google.android.material.R$style: int Theme_Material3_DayNight_BottomSheetDialog
androidx.coordinatorlayout.R$styleable: int GradientColor_android_centerX
com.google.android.material.color.HarmonizedColorsOptions$Builder: int colorAttributeToHarmonizeWith
androidx.databinding.library.baseAdapters.R$styleable: int CardView_contentPaddingLeft
androidx.legacy.v4.R$id: int none
retrofit2.ParameterHandler$QueryName: boolean encoded
com.google.android.material.snackbar.BaseTransientBottomBar: com.google.android.material.snackbar.BaseTransientBottomBar$SnackbarBaseLayout view
com.google.android.material.R$attr: int flow_firstHorizontalBias
com.google.android.material.R$styleable: int[] FontFamily
androidx.customview.R$dimen: int notification_subtext_size
com.google.android.material.transition.platform.MaterialContainerTransform$TransitionDrawable: android.graphics.Path debugPath
androidx.appcompat.R$styleable: int DrawerArrowToggle_spinBars
androidx.databinding.library.baseAdapters.R$attr: int singleChoiceItemLayout
androidx.legacy.coreui.R$dimen: int compat_button_inset_horizontal_material
androidx.transition.R$style: int Base_Widget_AppCompat_ButtonBar_AlertDialog
androidx.transition.R$id: int bottom
androidx.coordinatorlayout.R$drawable: int notification_bg_low
jp.wasabeef.glide.transformations.RoundedCornersTransformation$CornerType: jp.wasabeef.glide.transformations.RoundedCornersTransformation$CornerType OTHER_TOP_RIGHT
com.google.android.material.transition.FadeProvider$2: android.view.View val$view
com.google.android.material.R$attr: int flow_verticalStyle
androidx.activity.R$style: int Widget_Compat_NotificationActionContainer
com.google.android.material.card.MaterialCardViewHelper: android.graphics.drawable.Drawable CHECKED_ICON_NONE
androidx.activity.R$id: int async
androidx.constraintlayout.widget.R$styleable: int[] MenuGroup
androidx.transition.R$style: int ThemeOverlay_AppCompat_Dark
com.google.android.material.R$attr: int behavior_hideable
androidx.appcompat.R$color: int abc_hint_foreground_material_light