aiapp/app/mapping.txt
# compiler: R8
# compiler_version: 3.1.66
# min_api: 24
# pg_map_id: 337387e
# common_typos_disable
# {"id":"com.android.tools.r8.mapping","version":"1.0"}
com.example.aiapp.BuildConfig -> q2.a:
    boolean DEBUG -> a
    7:7:void <clinit>() -> <clinit>
com.example.aiapp.DataBinderMapperImpl -> com.example.aiapp.DataBinderMapperImpl:
    android.util.SparseIntArray INTERNAL_LAYOUT_ID_LOOKUP -> a
    19:19:void <clinit>() -> <clinit>
    18:18:void <init>() -> <init>
    67:69:java.util.List collectDependencies() -> a
com.example.aiapp.base.BaseActivity -> com.example.aiapp.base.BaseActivity:
# {"id":"sourceFile","fileName":"BaseActivity.kt"}
    com.example.aiapp.base.BaseViewModel viewModel -> x
    androidx.viewbinding.ViewBinding binding -> w
    kotlinx.coroutines.Job job -> y
    22:22:void <init>() -> <init>
    63:67:void bindLayout(java.lang.Class) -> P
    25:25:androidx.viewbinding.ViewBinding getBinding() -> Q
    java.lang.Class getViewModel() -> R
    26:26:com.example.aiapp.base.BaseViewModel getViewModel() -> S
    void initData() -> T
    void initView() -> U
    androidx.viewbinding.ViewBinding layoutInflate() -> V
    25:25:void setBinding(androidx.viewbinding.ViewBinding) -> W
    90:95:void setRootViewFitsSystemWindows(android.app.Activity,boolean) -> X
    78:82:void setStatusBar() -> Y
    26:26:void setViewModel(com.example.aiapp.base.BaseViewModel) -> Z
    109:110:void showLoading() -> e
    113:114:void hiddenLoading() -> h
    117:118:void showLoginWindow() -> i
    52:60:void onCreate(android.os.Bundle) -> onCreate
    121:125:void onDestroy() -> onDestroy
com.example.aiapp.base.BaseAdapter -> r2.a:
# {"id":"sourceFile","fileName":"BaseAdapter.kt"}
    14:15:void <init>(int) -> <init>
    19:21:void <init>() -> <init>
    void convertCallback(com.chad.library.adapter.base.BaseViewHolder,java.lang.Object) -> d0
    int loadLayout() -> e0
    26:27:void convert(com.chad.library.adapter.base.BaseViewHolder,java.lang.Object) -> k
com.example.aiapp.base.BaseData -> com.example.aiapp.base.BaseData:
# {"id":"sourceFile","fileName":"BaseData.kt"}
    12:18:void <init>() -> <init>
    15:15:int getErrorCode() -> getErrorCode
    18:18:java.lang.String getErrorMsg() -> getErrorMsg
    24:24:boolean isLogin() -> isLogin
    21:21:boolean isSuccessful() -> isSuccessful
    15:15:void setErrorCode(int) -> setErrorCode
    18:18:void setErrorMsg(java.lang.String) -> setErrorMsg
com.example.aiapp.base.BaseData$Creator -> com.example.aiapp.base.BaseData$a:
# {"id":"sourceFile","fileName":"BaseData.kt"}
    com.example.aiapp.base.BaseData createFromParcel(android.os.Parcel) -> a
    com.example.aiapp.base.BaseData[] newArray(int) -> b
com.example.aiapp.base.BaseFragment -> r2.b:
# {"id":"sourceFile","fileName":"BaseFragment.kt"}
    android.view.LayoutInflater inflater -> g
    androidx.viewbinding.ViewBinding binding -> e
    com.example.aiapp.base.BaseViewModel viewModel -> f
    17:17:void <init>() -> <init>
    78:82:void bindLayout(java.lang.Class) -> a
    19:19:androidx.viewbinding.ViewBinding getBinding() -> c
    44:44:android.view.LayoutInflater getInflater() -> d
    62:65:void showLoading() -> e
    java.lang.Class getViewModel() -> f
    20:20:com.example.aiapp.base.BaseViewModel getViewModel() -> g
    68:69:void hiddenLoading() -> h
    72:75:void showLoginWindow() -> i
    void initData() -> j
    void initView() -> k
    androidx.viewbinding.ViewBinding layoutInflate() -> l
    19:19:void setBinding(androidx.viewbinding.ViewBinding) -> m
    44:44:void setInflater(android.view.LayoutInflater) -> n
    20:20:void setViewModel(com.example.aiapp.base.BaseViewModel) -> o
    51:58:android.view.View onCreateView(android.view.LayoutInflater,android.view.ViewGroup,android.os.Bundle) -> onCreateView
...
com.google.android.material.timepicker.MaterialTimePicker -> com.google.android.material.timepicker.MaterialTimePicker:
    65:114:void <init>() -> <init>
    65:65:java.util.Set access$1000(com.google.android.material.timepicker.MaterialTimePicker) -> access$1000
    65:65:int access$1100(com.google.android.material.timepicker.MaterialTimePicker) -> access$1100
    65:65:int access$1102(com.google.android.material.timepicker.MaterialTimePicker,int) -> access$1102
    65:65:com.google.android.material.button.MaterialButton access$1200(com.google.android.material.timepicker.MaterialTimePicker) -> access$1200
    65:65:void access$1300(com.google.android.material.timepicker.MaterialTimePicker,com.google.android.material.button.MaterialButton) -> access$1300
    65:65:com.google.android.material.timepicker.MaterialTimePicker access$1400(com.google.android.material.timepicker.MaterialTimePicker$Builder) -> access$1400
    65:65:java.util.Set access$900(com.google.android.material.timepicker.MaterialTimePicker) -> access$900
    485:485:boolean addOnCancelListener(android.content.DialogInterface$OnCancelListener) -> addOnCancelListener
    509:509:boolean addOnDismissListener(android.content.DialogInterface$OnDismissListener) -> addOnDismissListener
    457:457:boolean addOnNegativeButtonClickListener(android.view.View$OnClickListener) -> addOnNegativeButtonClickListener
com.google.android.material.timepicker.MaterialTimePicker$1 -> com.google.android.material.timepicker.MaterialTimePicker$1:
    276:276:void <init>(com.google.android.material.timepicker.MaterialTimePicker) -> <init>
    279:283:void onClick(android.view.View) -> onClick
com.google.android.material.timepicker.MaterialTimePicker$2 -> com.google.android.material.timepicker.MaterialTimePicker$2:
    293:293:void <init>(com.google.android.material.timepicker.MaterialTimePicker) -> <init>
    296:300:void onClick(android.view.View) -> onClick
com.google.android.material.timepicker.MaterialTimePicker$3 -> com.google.android.material.timepicker.MaterialTimePicker$3:
    311:311:void <init>(com.google.android.material.timepicker.MaterialTimePicker) -> <init>
    314:316:void onClick(android.view.View) -> onClick
com.google.android.material.timepicker.MaterialTimePicker$Builder -> com.google.android.material.timepicker.MaterialTimePicker$Builder:
    537:551:void <init>() -> <init>
    537:537:com.google.android.material.timepicker.TimeModel access$000(com.google.android.material.timepicker.MaterialTimePicker$Builder) -> access$000
    537:537:int access$100(com.google.android.material.timepicker.MaterialTimePicker$Builder) -> access$100
    537:537:int access$200(com.google.android.material.timepicker.MaterialTimePicker$Builder) -> access$200
    537:537:java.lang.CharSequence access$300(com.google.android.material.timepicker.MaterialTimePicker$Builder) -> access$300
    537:537:int access$400(com.google.android.material.timepicker.MaterialTimePicker$Builder) -> access$400
    537:537:java.lang.CharSequence access$500(com.google.android.material.timepicker.MaterialTimePicker$Builder) -> access$500
    537:537:int access$600(com.google.android.material.timepicker.MaterialTimePicker$Builder) -> access$600
    537:537:java.lang.CharSequence access$700(com.google.android.material.timepicker.MaterialTimePicker$Builder) -> access$700
    537:537:int access$800(com.google.android.material.timepicker.MaterialTimePicker$Builder) -> access$800
    659:659:com.google.android.material.timepicker.MaterialTimePicker build() -> build
    568:569:com.google.android.material.timepicker.MaterialTimePicker$Builder setHour(int) -> setHour
com.google.android.material.timepicker.MaxInputValidator -> com.google.android.material.timepicker.MaxInputValidator:
    26:28:void <init>(int) -> <init>
    42:52:java.lang.CharSequence filter(java.lang.CharSequence,int,int,android.text.Spanned,int,int) -> filter
    35:35:int getMax() -> getMax
    31:32:void setMax(int) -> setMax