aiapp/app/unused.txt
com.example.aiapp.BR
com.example.aiapp.BuildConfig:
    public static final java.lang.String APPLICATION_ID
    public static final java.lang.String BUILD_TYPE
    public static final int VERSION_CODE
    public static final java.lang.String VERSION_NAME
    public void <init>()
com.example.aiapp.DataBinderMapperImpl$InnerBrLookup
com.example.aiapp.DataBinderMapperImpl$InnerLayoutIdLookup
com.example.aiapp.DataBinderMapperImpl:
    public java.lang.String convertBrIdToString(int)
    public androidx.databinding.ViewDataBinding getDataBinder(androidx.databinding.DataBindingComponent,android.view.View,int)
    public androidx.databinding.ViewDataBinding getDataBinder(androidx.databinding.DataBindingComponent,android.view.View[],int)
    public int getLayoutId(java.lang.String)
com.example.aiapp.DataBindingTriggerClass
com.example.aiapp.R
com.example.aiapp.base.BaseActivity:
    public final kotlinx.coroutines.Job getJob()
    public final int getStatusBarHeight()
    public final void setJob(kotlinx.coroutines.Job)
com.example.aiapp.base.IBaseView$DefaultImpls
com.example.aiapp.config.PathRouterUrl
com.example.aiapp.core.launcher.CustomApplication$Companion:
    public final androidx.appcompat.app.AppCompatActivity getCurrentActivityCache()
com.example.aiapp.core.launcher.CustomApplication:
    public static final synthetic androidx.appcompat.app.AppCompatActivity access$getCurrentActivityCache$cp()
com.example.aiapp.core.ui.notifications.NotificationsViewModel:
    public final androidx.lifecycle.LiveData getText()
com.example.aiapp.core.ui.notifications.SectionPagerAdapter:
    public final java.util.List getList()
com.example.aiapp.databinding.AdapterListLayoutBinding
com.example.aiapp.databinding.ViewBaseTitleLayoutBinding
com.example.aiapp.net.ApiClient:
    public static synthetic void getTestApi$annotations()
com.example.aiapp.net.RequestClient$fetch$1
com.example.aiapp.net.RequestClient:
    public static synthetic void fetch$default(com.example.aiapp.net.RequestClient,com.example.aiapp.base.IBaseView,kotlin.jvm.functions.Function1,kotlin.jvm.functions.Function1,kotlin.jvm.functions.Function1,int,java.lang.Object)
com.example.aiapp.net.manager.OkHttpManager:
    public static synthetic void getOkClient$annotations()
com.example.aiapp.net.manager.RetrofitManager:
    private static synthetic void getRetrofitClient$annotations()
    public final okhttp3.MultipartBody$Part[] uploadManyPhoto(java.util.List)
    public final okhttp3.MultipartBody$Part uploadSinglePhoto(java.lang.String)
com.example.aiapp.util.ARouterUtil:
    public final void inject(java.lang.Class)
    public final void navigation(java.lang.String,int)
    public final void navigation(java.lang.String,android.app.Activity,int)
    public final void navigation(java.lang.String,android.os.Bundle)
    public final void navigation(java.lang.String,android.os.Bundle,android.app.Activity,int)
    public final void navigation(java.lang.String,java.lang.String,int)
com.example.aiapp.util.DownTimeUtil
...
io.reactivex.internal.operators.flowable.FlowableCombineLatest$SingletonArrayFunc
io.reactivex.internal.operators.flowable.FlowableCombineLatest
io.reactivex.internal.operators.flowable.FlowableConcatArray$ConcatArraySubscriber
io.reactivex.internal.operators.flowable.FlowableConcatArray
io.reactivex.internal.operators.flowable.FlowableConcatMap$1
io.reactivex.internal.operators.flowable.FlowableConcatMap$BaseConcatMapSubscriber
io.reactivex.internal.operators.flowable.FlowableConcatMap$ConcatMapDelayed
io.reactivex.internal.operators.flowable.FlowableConcatMap$ConcatMapImmediate
io.reactivex.internal.operators.flowable.FlowableConcatMap$ConcatMapInner
io.reactivex.internal.operators.flowable.FlowableConcatMap$ConcatMapSupport
io.reactivex.internal.operators.flowable.FlowableConcatMap$WeakScalarSubscription
io.reactivex.internal.operators.flowable.FlowableConcatMap
io.reactivex.internal.operators.flowable.FlowableConcatMapEager$ConcatMapEagerDelayErrorSubscriber
io.reactivex.internal.operators.flowable.FlowableConcatMapEager
io.reactivex.internal.operators.flowable.FlowableConcatMapEagerPublisher
io.reactivex.internal.operators.flowable.FlowableConcatMapPublisher
io.reactivex.internal.operators.flowable.FlowableConcatWithCompletable$ConcatWithSubscriber
io.reactivex.internal.operators.flowable.FlowableConcatWithCompletable
io.reactivex.internal.operators.flowable.FlowableConcatWithMaybe$ConcatWithSubscriber
io.reactivex.internal.operators.flowable.FlowableConcatWithMaybe
io.reactivex.internal.operators.flowable.FlowableConcatWithSingle$ConcatWithSubscriber
io.reactivex.internal.operators.flowable.FlowableConcatWithSingle
io.reactivex.internal.operators.flowable.FlowableCount$CountSubscriber
io.reactivex.internal.operators.flowable.FlowableCount
io.reactivex.internal.operators.flowable.FlowableCountSingle$CountSubscriber
io.reactivex.internal.operators.flowable.FlowableCountSingle
io.reactivex.internal.operators.flowable.FlowableCreate$1
io.reactivex.internal.operators.flowable.FlowableCreate$BaseEmitter
io.reactivex.internal.operators.flowable.FlowableCreate$BufferAsyncEmitter
io.reactivex.internal.operators.flowable.FlowableCreate$DropAsyncEmitter
io.reactivex.internal.operators.flowable.FlowableCreate$ErrorAsyncEmitter
io.reactivex.internal.operators.flowable.FlowableCreate$LatestAsyncEmitter
io.reactivex.internal.operators.flowable.FlowableCreate$MissingEmitter
io.reactivex.internal.operators.flowable.FlowableCreate$NoOverflowBaseAsyncEmitter
io.reactivex.internal.operators.flowable.FlowableCreate$SerializedEmitter
io.reactivex.internal.operators.flowable.FlowableCreate
io.reactivex.internal.operators.flowable.FlowableDebounce$DebounceSubscriber$DebounceInnerSubscriber
io.reactivex.internal.operators.flowable.FlowableDebounce$DebounceSubscriber
io.reactivex.internal.operators.flowable.FlowableDebounce
io.reactivex.internal.operators.flowable.FlowableDebounceTimed$DebounceEmitter
io.reactivex.internal.operators.flowable.FlowableDebounceTimed$DebounceTimedSubscriber
io.reactivex.internal.operators.flowable.FlowableDebounceTimed
io.reactivex.internal.operators.flowable.FlowableDefer
io.reactivex.internal.operators.flowable.FlowableDelay$DelaySubscriber$OnComplete
io.reactivex.internal.operators.flowable.FlowableDelay$DelaySubscriber$OnError
io.reactivex.internal.operators.flowable.FlowableDelay$DelaySubscriber$OnNext
io.reactivex.internal.operators.flowable.FlowableDelay$DelaySubscriber
io.reactivex.internal.operators.flowable.FlowableDelay
io.reactivex.internal.operators.flowable.FlowableDelaySubscriptionOther$MainSubscriber$OtherSubscriber
io.reactivex.internal.operators.flowable.FlowableDelaySubscriptionOther$MainSubscriber
io.reactivex.internal.operators.flowable.FlowableDelaySubscriptionOther
io.reactivex.internal.operators.flowable.FlowableDematerialize$DematerializeSubscriber
io.reactivex.internal.operators.flowable.FlowableDematerialize
io.reactivex.internal.operators.flowable.FlowableDetach$DetachSubscriber